0 info it worked if it ends with ok
1 verbose cli [ '/home/vagrant/.linuxbrew/Cellar/node/7.5.0/bin/node',
1 verbose cli   '/home/vagrant/.linuxbrew/bin/npm',
1 verbose cli   'run',
1 verbose cli   'dev' ]
2 info using npm@4.1.2
3 info using node@v7.5.0
4 verbose run-script [ 'predev', 'dev', 'postdev' ]
5 info lifecycle nodeone@1.0.0~predev: nodeone@1.0.0
6 silly lifecycle nodeone@1.0.0~predev: no script for predev, continuing
7 info lifecycle nodeone@1.0.0~dev: nodeone@1.0.0
8 verbose lifecycle nodeone@1.0.0~dev: unsafe-perm in lifecycle true
9 verbose lifecycle nodeone@1.0.0~dev: PATH: /home/vagrant/.linuxbrew/lib/node_modules/npm/bin/node-gyp-bin:/vagrant/www/nodeOne/node_modules/.bin:/home/vagrant/.composer/vendor/bin:/home/vagrant/.linuxbrew/bin:/usr/local/sbin:/usr/local/bin:/usr/sbin:/usr/bin:/sbin:/bin:/usr/games:/usr/local/games
10 verbose lifecycle nodeone@1.0.0~dev: CWD: /vagrant/www/nodeOne
11 silly lifecycle nodeone@1.0.0~dev: Args: [ '-c',
11 silly lifecycle   'webpack-dev-server --host=node.app --port=8080 --hot --inline --watch --colors --progress' ]
12 silly lifecycle nodeone@1.0.0~dev: Returned: code: 1  signal: null
13 info lifecycle nodeone@1.0.0~dev: Failed to exec dev script
14 verbose stack Error: nodeone@1.0.0 dev: `webpack-dev-server --host=node.app --port=8080 --hot --inline --watch --colors --progress`
14 verbose stack Exit status 1
14 verbose stack     at EventEmitter.<anonymous> (/home/vagrant/.linuxbrew/lib/node_modules/npm/lib/utils/lifecycle.js:279:16)
14 verbose stack     at emitTwo (events.js:106:13)
14 verbose stack     at EventEmitter.emit (events.js:192:7)
14 verbose stack     at ChildProcess.<anonymous> (/home/vagrant/.linuxbrew/lib/node_modules/npm/lib/utils/spawn.js:40:14)
14 verbose stack     at emitTwo (events.js:106:13)
14 verbose stack     at ChildProcess.emit (events.js:192:7)
14 verbose stack     at maybeClose (internal/child_process.js:890:16)
14 verbose stack     at Process.ChildProcess._handle.onexit (internal/child_process.js:226:5)
15 verbose pkgid nodeone@1.0.0
16 verbose cwd /vagrant/www/nodeOne
17 error Linux 4.4.0-22-generic
18 error argv "/home/vagrant/.linuxbrew/Cellar/node/7.5.0/bin/node" "/home/vagrant/.linuxbrew/bin/npm" "run" "dev"
19 error node v7.5.0
20 error npm  v4.1.2
21 error code ELIFECYCLE
22 error nodeone@1.0.0 dev: `webpack-dev-server --host=node.app --port=8080 --hot --inline --watch --colors --progress`
22 error Exit status 1
23 error Failed at the nodeone@1.0.0 dev script 'webpack-dev-server --host=node.app --port=8080 --hot --inline --watch --colors --progress'.
23 error Make sure you have the latest version of node.js and npm installed.
23 error If you do, this is most likely a problem with the nodeone package,
23 error not with npm itself.
23 error Tell the author that this fails on your system:
23 error     webpack-dev-server --host=node.app --port=8080 --hot --inline --watch --colors --progress
23 error You can get information on how to open an issue for this project with:
23 error     npm bugs nodeone
23 error Or if that isn't available, you can get their info via:
23 error     npm owner ls nodeone
23 error There is likely additional logging output above.
24 verbose exit [ 1, true ]
